<?xml version="1.0" encoding="UTF-8"?>
<testsuite xmlns:xsi="http://www.w3.org/2001/XMLSchema-instance" xsi:noNamespaceSchemaLocation="https://maven.apache.org/surefire/maven-surefire-plugin/xsd/surefire-test-report.xsd" name="com.techreturners.numbers.RomanNumeralsTest" time="0.12" tests="38" errors="0" skipped="0" failures="0">
  <properties>
    <property name="java.specification.version" value="19"/>
    <property name="sun.jnu.encoding" value="UTF-8"/>
    <property name="java.class.path" value="/Users/Shanika/Java/exercises/RomanNumerals/target/test-classes:/Users/Shanika/Java/exercises/RomanNumerals/target/classes:/Users/Shanika/.m2/repository/org/junit/jupiter/junit-jupiter/5.9.2/junit-jupiter-5.9.2.jar:/Users/Shanika/.m2/repository/org/junit/jupiter/junit-jupiter-api/5.9.2/junit-jupiter-api-5.9.2.jar:/Users/Shanika/.m2/repository/org/opentest4j/opentest4j/1.2.0/opentest4j-1.2.0.jar:/Users/Shanika/.m2/repository/org/junit/platform/junit-platform-commons/1.9.2/junit-platform-commons-1.9.2.jar:/Users/Shanika/.m2/repository/org/apiguardian/apiguardian-api/1.1.2/apiguardian-api-1.1.2.jar:/Users/Shanika/.m2/repository/org/junit/jupiter/junit-jupiter-params/5.9.2/junit-jupiter-params-5.9.2.jar:/Users/Shanika/.m2/repository/org/junit/jupiter/junit-jupiter-engine/5.9.2/junit-jupiter-engine-5.9.2.jar:/Users/Shanika/.m2/repository/org/junit/platform/junit-platform-engine/1.9.2/junit-platform-engine-1.9.2.jar:"/>
    <property name="java.vm.vendor" value="Homebrew"/>
    <property name="sun.arch.data.model" value="64"/>
    <property name="java.vendor.url" value="https://github.com/Homebrew/homebrew-core/issues"/>
    <property name="os.name" value="Mac OS X"/>
    <property name="java.vm.specification.version" value="19"/>
    <property name="sun.java.launcher" value="SUN_STANDARD"/>
    <property name="user.country" value="GB"/>
    <property name="sun.boot.library.path" value="/usr/local/Cellar/openjdk/19.0.1/libexec/openjdk.jdk/Contents/Home/lib"/>
    <property name="sun.java.command" value="/Users/Shanika/Java/exercises/RomanNumerals/target/surefire/surefirebooter4341202535693870650.jar /Users/Shanika/Java/exercises/RomanNumerals/target/surefire 2023-02-05T20-26-20_778-jvmRun1 surefire11870827410135541639tmp surefire_04102666847061446929tmp"/>
    <property name="http.nonProxyHosts" value="local|*.local|169.254/16|*.169.254/16"/>
    <property name="jdk.debug" value="release"/>
    <property name="surefire.test.class.path" value="/Users/Shanika/Java/exercises/RomanNumerals/target/test-classes:/Users/Shanika/Java/exercises/RomanNumerals/target/classes:/Users/Shanika/.m2/repository/org/junit/jupiter/junit-jupiter/5.9.2/junit-jupiter-5.9.2.jar:/Users/Shanika/.m2/repository/org/junit/jupiter/junit-jupiter-api/5.9.2/junit-jupiter-api-5.9.2.jar:/Users/Shanika/.m2/repository/org/opentest4j/opentest4j/1.2.0/opentest4j-1.2.0.jar:/Users/Shanika/.m2/repository/org/junit/platform/junit-platform-commons/1.9.2/junit-platform-commons-1.9.2.jar:/Users/Shanika/.m2/repository/org/apiguardian/apiguardian-api/1.1.2/apiguardian-api-1.1.2.jar:/Users/Shanika/.m2/repository/org/junit/jupiter/junit-jupiter-params/5.9.2/junit-jupiter-params-5.9.2.jar:/Users/Shanika/.m2/repository/org/junit/jupiter/junit-jupiter-engine/5.9.2/junit-jupiter-engine-5.9.2.jar:/Users/Shanika/.m2/repository/org/junit/platform/junit-platform-engine/1.9.2/junit-platform-engine-1.9.2.jar:"/>
    <property name="sun.cpu.endian" value="little"/>
    <property name="user.home" value="/Users/Shanika"/>
    <property name="user.language" value="en"/>
    <property name="java.specification.vendor" value="Oracle Corporation"/>
    <property name="java.version.date" value="2022-10-18"/>
    <property name="java.home" value="/usr/local/Cellar/openjdk/19.0.1/libexec/openjdk.jdk/Contents/Home"/>
    <property name="file.separator" value="/"/>
    <property name="basedir" value="/Users/Shanika/Java/exercises/RomanNumerals"/>
    <property name="java.vm.compressedOopsMode" value="Zero based"/>
    <property name="line.separator" value="&#10;"/>
    <property name="java.vm.specification.vendor" value="Oracle Corporation"/>
    <property name="java.specification.name" value="Java Platform API Specification"/>
    <property name="apple.awt.application.name" value="ForkedBooter"/>
    <property name="surefire.real.class.path" value="/Users/Shanika/Java/exercises/RomanNumerals/target/surefire/surefirebooter4341202535693870650.jar"/>
    <property name="sun.management.compiler" value="HotSpot 64-Bit Tiered Compilers"/>
    <property name="ftp.nonProxyHosts" value="local|*.local|169.254/16|*.169.254/16"/>
    <property name="java.runtime.version" value="19.0.1"/>
    <property name="user.name" value="Shanika"/>
    <property name="stdout.encoding" value="UTF-8"/>
    <property name="path.separator" value=":"/>
    <property name="os.version" value="12.6.2"/>
    <property name="java.runtime.name" value="OpenJDK Runtime Environment"/>
    <property name="file.encoding" value="UTF-8"/>
    <property name="java.vm.name" value="OpenJDK 64-Bit Server VM"/>
    <property name="java.vendor.version" value="Homebrew"/>
    <property name="localRepository" value="/Users/Shanika/.m2/repository"/>
    <property name="java.vendor.url.bug" value="https://github.com/Homebrew/homebrew-core/issues"/>
    <property name="java.io.tmpdir" value="/var/folders/my/4qj1qsjd2m7f0ygm3wdjx6lh0000gp/T/"/>
    <property name="java.version" value="19.0.1"/>
    <property name="user.dir" value="/Users/Shanika/Java/exercises/RomanNumerals"/>
    <property name="os.arch" value="x86_64"/>
    <property name="java.vm.specification.name" value="Java Virtual Machine Specification"/>
    <property name="native.encoding" value="UTF-8"/>
    <property name="java.library.path" value="/Users/Shanika/Library/Java/Extensions:/Library/Java/Extensions:/Network/Library/Java/Extensions:/System/Library/Java/Extensions:/usr/lib/java:."/>
    <property name="java.vm.info" value="mixed mode, sharing"/>
    <property name="stderr.encoding" value="UTF-8"/>
    <property name="java.vendor" value="Homebrew"/>
    <property name="java.vm.version" value="19.0.1"/>
    <property name="sun.io.unicode.encoding" value="UnicodeBig"/>
    <property name="socksNonProxyHosts" value="local|*.local|169.254/16|*.169.254/16"/>
    <property name="java.class.version" value="63.0"/>
  </properties>
  <testcase name="testWithCsvFileSourceFromClasspath{int, String}[1]" classname="com.techreturners.numbers.RomanNumeralsTest" time="0.027"/>
  <testcase name="testWithCsvFileSourceFromClasspath{int, String}[2]" classname="com.techreturners.numbers.RomanNumeralsTest" time="0.001"/>
  <testcase name="testWithCsvFileSourceFromClasspath{int, String}[3]" classname="com.techreturners.numbers.RomanNumeralsTest" time="0.001"/>
  <testcase name="testWithCsvFileSourceFromClasspath{int, String}[4]" classname="com.techreturners.numbers.RomanNumeralsTest" time="0.001"/>
  <testcase name="testWithCsvFileSourceFromClasspath{int, String}[5]" classname="com.techreturners.numbers.RomanNumeralsTest" time="0"/>
  <testcase name="testWithCsvFileSourceFromClasspath{int, String}[6]" classname="com.techreturners.numbers.RomanNumeralsTest" time="0.001"/>
  <testcase name="testWithCsvFileSourceFromClasspath{int, String}[7]" classname="com.techreturners.numbers.RomanNumeralsTest" time="0.001"/>
  <testcase name="testWithCsvFileSourceFromClasspath{int, String}[8]" classname="com.techreturners.numbers.RomanNumeralsTest" time="0.001"/>
  <testcase name="testWithCsvFileSourceFromClasspath{int, String}[9]" classname="com.techreturners.numbers.RomanNumeralsTest" time="0"/>
  <testcase name="testWithCsvFileSourceFromClasspath{int, String}[10]" classname="com.techreturners.numbers.RomanNumeralsTest" time="0.001"/>
  <testcase name="testWithCsvFileSourceFromClasspath{int, String}[11]" classname="com.techreturners.numbers.RomanNumeralsTest" time="0.001"/>
  <testcase name="testWithCsvFileSourceFromClasspath{int, String}[12]" classname="com.techreturners.numbers.RomanNumeralsTest" time="0"/>
  <testcase name="testWithCsvFileSourceFromClasspath{int, String}[13]" classname="com.techreturners.numbers.RomanNumeralsTest" time="0.001"/>
  <testcase name="testWithCsvFileSourceFromClasspath{int, String}[14]" classname="com.techreturners.numbers.RomanNumeralsTest" time="0.001"/>
  <testcase name="testWithCsvFileSourceFromClasspath{int, String}[15]" classname="com.techreturners.numbers.RomanNumeralsTest" time="0.001"/>
  <testcase name="testWithCsvFileSourceFromClasspath{int, String}[16]" classname="com.techreturners.numbers.RomanNumeralsTest" time="0.001"/>
  <testcase name="testWithCsvFileSourceFromClasspath{int, String}[17]" classname="com.techreturners.numbers.RomanNumeralsTest" time="0.001"/>
  <testcase name="testWithCsvFileSourceFromClasspath{int, String}[18]" classname="com.techreturners.numbers.RomanNumeralsTest" time="0"/>
  <testcase name="testWithCsvFileSourceFromClasspath{int, String}[19]" classname="com.techreturners.numbers.RomanNumeralsTest" time="0.001"/>
  <testcase name="testWithCsvFileSourceFromClasspath{int, String}[20]" classname="com.techreturners.numbers.RomanNumeralsTest" time="0.001"/>
  <testcase name="testWithCsvFileSourceFromClasspath{int, String}[21]" classname="com.techreturners.numbers.RomanNumeralsTest" time="0.001"/>
  <testcase name="testWithCsvFileSourceFromClasspath{int, String}[22]" classname="com.techreturners.numbers.RomanNumeralsTest" time="0.001"/>
  <testcase name="testWithCsvFileSourceFromClasspath{int, String}[23]" classname="com.techreturners.numbers.RomanNumeralsTest" time="0.001"/>
  <testcase name="testWithCsvFileSourceFromClasspath{int, String}[24]" classname="com.techreturners.numbers.RomanNumeralsTest" time="0"/>
  <testcase name="testWithCsvFileSourceFromClasspath{int, String}[25]" classname="com.techreturners.numbers.RomanNumeralsTest" time="0.001"/>
  <testcase name="testWithCsvFileSourceFromClasspath{int, String}[26]" classname="com.techreturners.numbers.RomanNumeralsTest" time="0"/>
  <testcase name="testWithCsvFileSourceFromClasspath{int, String}[27]" classname="com.techreturners.numbers.RomanNumeralsTest" time="0"/>
  <testcase name="testWithCsvFileSourceFromClasspath{int, String}[28]" classname="com.techreturners.numbers.RomanNumeralsTest" time="0.001"/>
  <testcase name="testWithCsvFileSourceFromClasspath{int, String}[29]" classname="com.techreturners.numbers.RomanNumeralsTest" time="0"/>
  <testcase name="testWithCsvFileSourceFromClasspath{int, String}[30]" classname="com.techreturners.numbers.RomanNumeralsTest" time="0.001"/>
  <testcase name="testWithCsvFileSourceFromClasspath{int, String}[31]" classname="com.techreturners.numbers.RomanNumeralsTest" time="0"/>
  <testcase name="testWithCsvFileSourceFromClasspath{int, String}[32]" classname="com.techreturners.numbers.RomanNumeralsTest" time="0"/>
  <testcase name="testWithCsvFileSourceFromClasspath{int, String}[33]" classname="com.techreturners.numbers.RomanNumeralsTest" time="0.001"/>
  <testcase name="testWithCsvFileSourceFromClasspath{int, String}[34]" classname="com.techreturners.numbers.RomanNumeralsTest" time="0"/>
  <testcase name="testWithCsvFileSourceFromClasspath{int, String}[35]" classname="com.techreturners.numbers.RomanNumeralsTest" time="0"/>
  <testcase name="convertToRomanNumeralsTest" classname="com.techreturners.numbers.RomanNumeralsTest" time="0.001"/>
  <testcase name="minusValueTest" classname="com.techreturners.numbers.RomanNumeralsTest" time="0.001"/>
  <testcase name="numberOutOfGivenRangeTest" classname="com.techreturners.numbers.RomanNumeralsTest" time="0.001"/>
</testsuite>